# JRE version: OpenJDK Runtime Environment Temurin-21.0.9+10 (21.0.9+10) (build 21.0.9+10-LTS)
# Java VM: OpenJDK 64-Bit Server VM Temurin-21.0.9+10 (21.0.9+10-LTS, mixed mode, sharing, tiered, compressed oops, compressed class ptrs, parallel gc, windows-amd64)
GC Precious Log:
 CardTable entry size: 512
 CPUs: 8 total, 8 available
 Memory: 12171M
 Large Page Support: Disabled
 NUMA Support: Disabled
 Compressed Oops: Enabled (32-bit)
 Alignments: Space 512K, Generation 512K, Heap 2M
 Heap Min Capacity: 100M
 Heap Initial Capacity: 100M
 Heap Max Capacity: 2G
 Pre-touch: Disabled
 Parallel Workers: 8
Heap:
 PSYoungGen      total 8192K, used 2700K [0x00000000d5580000, 0x00000000d5e80000, 0x0000000100000000)
  eden space 7168K, 33% used [0x00000000d5580000,0x00000000d57db290,0x00000000d5c80000)
  from space 1024K, 28% used [0x00000000d5c80000,0x00000000d5cc8000,0x00000000d5d80000)
  to   space 512K, 0% used [0x00000000d5e00000,0x00000000d5e00000,0x00000000d5e80000)
 ParOldGen       total 145920K, used 145866K [0x0000000080000000, 0x0000000088e80000, 0x00000000d5580000)
  object space 145920K, 99% used [0x0000000080000000,0x0000000088e72a60,0x0000000088e80000)
 Metaspace       used 70082K, committed 71616K, reserved 1114112K
  class space    used 7295K, committed 7936K, reserved 1048576K
GC Heap History (20 events):
Event: 17.007 GC heap before
{Heap before GC invocations=365 (full 3):
 PSYoungGen      total 9728K, used 9700K [0x00000000d5580000, 0x00000000d6380000, 0x0000000100000000)
  eden space 8192K, 100% used [0x00000000d5580000,0x00000000d5d80000,0x00000000d5d80000)
  from space 1536K, 98% used [0x00000000d5d80000,0x00000000d5ef9210,0x00000000d5f00000)
  to   space 3072K, 0% used [0x00000000d6080000,0x00000000d6080000,0x00000000d6380000)
 ParOldGen       total 139264K, used 139259K [0x0000000080000000, 0x0000000088800000, 0x00000000d5580000)
  object space 139264K, 99% used [0x0000000080000000,0x00000000887fedf8,0x0000000088800000)
 Metaspace       used 68550K, committed 70144K, reserved 1114112K
  class space    used 7199K, committed 7872K, reserved 1048576K
}
Event: 17.010 GC heap after
{Heap after GC invocations=365 (full 3):
 PSYoungGen      total 9216K, used 935K [0x00000000d5580000, 0x00000000d6180000, 0x0000000100000000)
  eden space 8192K, 0% used [0x00000000d5580000,0x00000000d5580000,0x00000000d5d80000)
  from space 1024K, 91% used [0x00000000d6080000,0x00000000d6169e90,0x00000000d6180000)
  to   space 2048K, 0% used [0x00000000d5d80000,0x00000000d5d80000,0x00000000d5f80000)
 ParOldGen       total 140800K, used 140388K [0x0000000080000000, 0x0000000088980000, 0x00000000d5580000)
  object space 140800K, 99% used [0x0000000080000000,0x00000000889192b0,0x0000000088980000)
 Metaspace       used 68550K, committed 70144K, reserved 1114112K
  class space    used 7199K, committed 7872K, reserved 1048576K
}
Event: 17.041 GC heap before
{Heap before GC invocations=366 (full 3):
 PSYoungGen      total 9216K, used 9127K [0x00000000d5580000, 0x00000000d6180000, 0x0000000100000000)
  eden space 8192K, 100% used [0x00000000d5580000,0x00000000d5d80000,0x00000000d5d80000)
  from space 1024K, 91% used [0x00000000d6080000,0x00000000d6169e90,0x00000000d6180000)
  to   space 2048K, 0% used [0x00000000d5d80000,0x00000000d5d80000,0x00000000d5f80000)
 ParOldGen       total 140800K, used 140388K [0x0000000080000000, 0x0000000088980000, 0x00000000d5580000)
  object space 140800K, 99% used [0x0000000080000000,0x00000000889192b0,0x0000000088980000)
 Metaspace       used 68586K, committed 70208K, reserved 1114112K
  class space    used 7200K, committed 7872K, reserved 1048576K
}
Event: 17.043 GC heap after
{Heap after GC invocations=366 (full 3):
 PSYoungGen      total 10240K, used 1156K [0x00000000d5580000, 0x00000000d6100000, 0x0000000100000000)
  eden space 8192K, 0% used [0x00000000d5580000,0x00000000d5580000,0x00000000d5d80000)
  from space 2048K, 56% used [0x00000000d5d80000,0x00000000d5ea1210,0x00000000d5f80000)
  to   space 1536K, 0% used [0x00000000d5f80000,0x00000000d5f80000,0x00000000d6100000)
 ParOldGen       total 141312K, used 141201K [0x0000000080000000, 0x0000000088a00000, 0x00000000d5580000)
  object space 141312K, 99% used [0x0000000080000000,0x00000000889e4418,0x0000000088a00000)
 Metaspace       used 68586K, committed 70208K, reserved 1114112K
  class space    used 7200K, committed 7872K, reserved 1048576K
}
Event: 17.122 GC heap before
{Heap before GC invocations=367 (full 3):
 PSYoungGen      total 10240K, used 9348K [0x00000000d5580000, 0x00000000d6100000, 0x0000000100000000)
  eden space 8192K, 100% used [0x00000000d5580000,0x00000000d5d80000,0x00000000d5d80000)
  from space 2048K, 56% used [0x00000000d5d80000,0x00000000d5ea1210,0x00000000d5f80000)
  to   space 1536K, 0% used [0x00000000d5f80000,0x00000000d5f80000,0x00000000d6100000)
 ParOldGen       total 141312K, used 141201K [0x0000000080000000, 0x0000000088a00000, 0x00000000d5580000)
  object space 141312K, 99% used [0x0000000080000000,0x00000000889e4418,0x0000000088a00000)
 Metaspace       used 68767K, committed 70400K, reserved 1114112K
  class space    used 7203K, committed 7872K, reserved 1048576K
}
Event: 17.125 GC heap after
{Heap after GC invocations=367 (full 3):
 PSYoungGen      total 9728K, used 1524K [0x00000000d5580000, 0x00000000d6180000, 0x0000000100000000)
  eden space 8192K, 0% used [0x00000000d5580000,0x00000000d5580000,0x00000000d5d80000)
  from space 1536K, 99% used [0x00000000d5f80000,0x00000000d60fd200,0x00000000d6100000)
  to   space 2048K, 0% used [0x00000000d5d80000,0x00000000d5d80000,0x00000000d5f80000)
 ParOldGen       total 142336K, used 142194K [0x0000000080000000, 0x0000000088b00000, 0x00000000d5580000)
  object space 142336K, 99% used [0x0000000080000000,0x0000000088adcb70,0x0000000088b00000)
 Metaspace       used 68767K, committed 70400K, reserved 1114112K
  class space    used 7203K, committed 7872K, reserved 1048576K
}
Event: 17.193 GC heap before
{Heap before GC invocations=368 (full 3):
 PSYoungGen      total 9728K, used 9716K [0x00000000d5580000, 0x00000000d6180000, 0x0000000100000000)
  eden space 8192K, 100% used [0x00000000d5580000,0x00000000d5d80000,0x00000000d5d80000)
  from space 1536K, 99% used [0x00000000d5f80000,0x00000000d60fd200,0x00000000d6100000)
  to   space 2048K, 0% used [0x00000000d5d80000,0x00000000d5d80000,0x00000000d5f80000)
 ParOldGen       total 142336K, used 142194K [0x0000000080000000, 0x0000000088b00000, 0x00000000d5580000)
  object space 142336K, 99% used [0x0000000080000000,0x0000000088adcb70,0x0000000088b00000)
 Metaspace       used 69086K, committed 70656K, reserved 1114112K
  class space    used 7236K, committed 7872K, reserved 1048576K
}
Event: 17.196 GC heap after
{Heap after GC invocations=368 (full 3):
 PSYoungGen      total 8704K, used 490K [0x00000000d5580000, 0x00000000d6000000, 0x0000000100000000)
  eden space 8192K, 0% used [0x00000000d5580000,0x00000000d5580000,0x00000000d5d80000)
  from space 512K, 95% used [0x00000000d5d80000,0x00000000d5dfa910,0x00000000d5e00000)
  to   space 1024K, 0% used [0x00000000d5f00000,0x00000000d5f00000,0x00000000d6000000)
 ParOldGen       total 143360K, used 143150K [0x0000000080000000, 0x0000000088c00000, 0x00000000d5580000)
  object space 143360K, 99% used [0x0000000080000000,0x0000000088bcba90,0x0000000088c00000)
 Metaspace       used 69086K, committed 70656K, reserved 1114112K
  class space    used 7236K, committed 7872K, reserved 1048576K
}
Event: 17.220 GC heap before
{Heap before GC invocations=369 (full 3):
 PSYoungGen      total 8704K, used 8606K [0x00000000d5580000, 0x00000000d6000000, 0x0000000100000000)
  eden space 8192K, 99% used [0x00000000d5580000,0x00000000d5d6d240,0x00000000d5d80000)
  from space 512K, 95% used [0x00000000d5d80000,0x00000000d5dfa910,0x00000000d5e00000)
  to   space 1024K, 0% used [0x00000000d5f00000,0x00000000d5f00000,0x00000000d6000000)
 ParOldGen       total 143360K, used 143150K [0x0000000080000000, 0x0000000088c00000, 0x00000000d5580000)
  object space 143360K, 99% used [0x0000000080000000,0x0000000088bcba90,0x0000000088c00000)
 Metaspace       used 69150K, committed 70720K, reserved 1114112K
  class space    used 7244K, committed 7872K, reserved 1048576K
}
Event: 17.223 GC heap after
{Heap after GC invocations=369 (full 3):
 PSYoungGen      total 8192K, used 1015K [0x00000000d5580000, 0x00000000d6280000, 0x0000000100000000)
  eden space 7168K, 0% used [0x00000000d5580000,0x00000000d5580000,0x00000000d5c80000)
  from space 1024K, 99% used [0x00000000d5f00000,0x00000000d5ffdff8,0x00000000d6000000)
  to   space 2560K, 0% used [0x00000000d5c80000,0x00000000d5c80000,0x00000000d5f00000)
 ParOldGen       total 144384K, used 144072K [0x0000000080000000, 0x0000000088d00000, 0x00000000d5580000)
  object space 144384K, 99% used [0x0000000080000000,0x0000000088cb2050,0x0000000088d00000)
 Metaspace       used 69150K, committed 70720K, reserved 1114112K
  class space    used 7244K, committed 7872K, reserved 1048576K
}
Event: 17.273 GC heap before
{Heap before GC invocations=370 (full 3):
 PSYoungGen      total 8192K, used 8183K [0x00000000d5580000, 0x00000000d6280000, 0x0000000100000000)
  eden space 7168K, 100% used [0x00000000d5580000,0x00000000d5c80000,0x00000000d5c80000)
  from space 1024K, 99% used [0x00000000d5f00000,0x00000000d5ffdff8,0x00000000d6000000)
  to   space 2560K, 0% used [0x00000000d5c80000,0x00000000d5c80000,0x00000000d5f00000)
 ParOldGen       total 144384K, used 144072K [0x0000000080000000, 0x0000000088d00000, 0x00000000d5580000)
  object space 144384K, 99% used [0x0000000080000000,0x0000000088cb2050,0x0000000088d00000)
 Metaspace       used 69445K, committed 71104K, reserved 1114112K
  class space    used 7262K, committed 7936K, reserved 1048576K
}
Event: 17.275 GC heap after
{Heap after GC invocations=370 (full 3):
 PSYoungGen      total 8192K, used 772K [0x00000000d5580000, 0x00000000d5f80000, 0x0000000100000000)
  eden space 7168K, 0% used [0x00000000d5580000,0x00000000d5580000,0x00000000d5c80000)
  from space 1024K, 75% used [0x00000000d5c80000,0x00000000d5d41210,0x00000000d5d80000)
  to   space 1536K, 0% used [0x00000000d5e00000,0x00000000d5e00000,0x00000000d5f80000)
 ParOldGen       total 144896K, used 144678K [0x0000000080000000, 0x0000000088d80000, 0x00000000d5580000)
  object space 144896K, 99% used [0x0000000080000000,0x0000000088d49890,0x0000000088d80000)
 Metaspace       used 69445K, committed 71104K, reserved 1114112K
  class space    used 7262K, committed 7936K, reserved 1048576K
}
Event: 17.349 GC heap before
{Heap before GC invocations=371 (full 3):
 PSYoungGen      total 8192K, used 7940K [0x00000000d5580000, 0x00000000d5f80000, 0x0000000100000000)
  eden space 7168K, 100% used [0x00000000d5580000,0x00000000d5c80000,0x00000000d5c80000)
  from space 1024K, 75% used [0x00000000d5c80000,0x00000000d5d41210,0x00000000d5d80000)
  to   space 1536K, 0% used [0x00000000d5e00000,0x00000000d5e00000,0x00000000d5f80000)
 ParOldGen       total 144896K, used 144678K [0x0000000080000000, 0x0000000088d80000, 0x00000000d5580000)
  object space 144896K, 99% used [0x0000000080000000,0x0000000088d49890,0x0000000088d80000)
 Metaspace       used 69564K, committed 71168K, reserved 1114112K
  class space    used 7262K, committed 7936K, reserved 1048576K
}
Event: 17.351 GC heap after
{Heap after GC invocations=371 (full 3):
 PSYoungGen      total 8192K, used 596K [0x00000000d5580000, 0x00000000d5f00000, 0x0000000100000000)
  eden space 7168K, 0% used [0x00000000d5580000,0x00000000d5580000,0x00000000d5c80000)
  from space 1024K, 58% used [0x00000000d5e00000,0x00000000d5e95200,0x00000000d5f00000)
  to   space 1024K, 0% used [0x00000000d5c80000,0x00000000d5c80000,0x00000000d5d80000)
 ParOldGen       total 145408K, used 145341K [0x0000000080000000, 0x0000000088e00000, 0x00000000d5580000)
  object space 145408K, 99% used [0x0000000080000000,0x0000000088def650,0x0000000088e00000)
 Metaspace       used 69564K, committed 71168K, reserved 1114112K
  class space    used 7262K, committed 7936K, reserved 1048576K
}
Event: 17.407 GC heap before
{Heap before GC invocations=372 (full 3):
 PSYoungGen      total 8192K, used 7764K [0x00000000d5580000, 0x00000000d5f00000, 0x0000000100000000)
  eden space 7168K, 100% used [0x00000000d5580000,0x00000000d5c80000,0x00000000d5c80000)
  from space 1024K, 58% used [0x00000000d5e00000,0x00000000d5e95200,0x00000000d5f00000)
  to   space 1024K, 0% used [0x00000000d5c80000,0x00000000d5c80000,0x00000000d5d80000)
 ParOldGen       total 145408K, used 145341K [0x0000000080000000, 0x0000000088e00000, 0x00000000d5580000)
  object space 145408K, 99% used [0x0000000080000000,0x0000000088def650,0x0000000088e00000)
 Metaspace       used 69598K, committed 71232K, reserved 1114112K
  class space    used 7262K, committed 7936K, reserved 1048576K
}
Event: 17.410 GC heap after
{Heap after GC invocations=372 (full 3):
 PSYoungGen      total 8192K, used 1008K [0x00000000d5580000, 0x00000000d5f80000, 0x0000000100000000)
  eden space 7168K, 0% used [0x00000000d5580000,0x00000000d5580000,0x00000000d5c80000)
  from space 1024K, 98% used [0x00000000d5c80000,0x00000000d5d7c2f0,0x00000000d5d80000)
  to   space 1536K, 0% used [0x00000000d5e00000,0x00000000d5e00000,0x00000000d5f80000)
 ParOldGen       total 145920K, used 145730K [0x0000000080000000, 0x0000000088e80000, 0x00000000d5580000)
  object space 145920K, 99% used [0x0000000080000000,0x0000000088e50a60,0x0000000088e80000)
 Metaspace       used 69598K, committed 71232K, reserved 1114112K
  class space    used 7262K, committed 7936K, reserved 1048576K
}
Event: 17.459 GC heap before
{Heap before GC invocations=373 (full 3):
 PSYoungGen      total 8192K, used 8176K [0x00000000d5580000, 0x00000000d5f80000, 0x0000000100000000)
  eden space 7168K, 100% used [0x00000000d5580000,0x00000000d5c80000,0x00000000d5c80000)
  from space 1024K, 98% used [0x00000000d5c80000,0x00000000d5d7c2f0,0x00000000d5d80000)
  to   space 1536K, 0% used [0x00000000d5e00000,0x00000000d5e00000,0x00000000d5f80000)
 ParOldGen       total 145920K, used 145730K [0x0000000080000000, 0x0000000088e80000, 0x00000000d5580000)
  object space 145920K, 99% used [0x0000000080000000,0x0000000088e50a60,0x0000000088e80000)
 Metaspace       used 69653K, committed 71296K, reserved 1114112K
  class space    used 7263K, committed 7936K, reserved 1048576K
}
Event: 17.461 GC heap after
{Heap after GC invocations=373 (full 3):
 PSYoungGen      total 8192K, used 564K [0x00000000d5580000, 0x00000000d5f00000, 0x0000000100000000)
  eden space 7168K, 0% used [0x00000000d5580000,0x00000000d5580000,0x00000000d5c80000)
  from space 1024K, 55% used [0x00000000d5e00000,0x00000000d5e8d200,0x00000000d5f00000)
  to   space 1024K, 0% used [0x00000000d5c80000,0x00000000d5c80000,0x00000000d5d80000)
 ParOldGen       total 145920K, used 145810K [0x0000000080000000, 0x0000000088e80000, 0x00000000d5580000)
  object space 145920K, 99% used [0x0000000080000000,0x0000000088e64a60,0x0000000088e80000)
 Metaspace       used 69653K, committed 71296K, reserved 1114112K
  class space    used 7263K, committed 7936K, reserved 1048576K
}
Event: 188.993 GC heap before
{Heap before GC invocations=374 (full 3):
 PSYoungGen      total 8192K, used 7732K [0x00000000d5580000, 0x00000000d5f00000, 0x0000000100000000)
  eden space 7168K, 100% used [0x00000000d5580000,0x00000000d5c80000,0x00000000d5c80000)
  from space 1024K, 55% used [0x00000000d5e00000,0x00000000d5e8d200,0x00000000d5f00000)
  to   space 1024K, 0% used [0x00000000d5c80000,0x00000000d5c80000,0x00000000d5d80000)
 ParOldGen       total 145920K, used 145810K [0x0000000080000000, 0x0000000088e80000, 0x00000000d5580000)
  object space 145920K, 99% used [0x0000000080000000,0x0000000088e64a60,0x0000000088e80000)
 Metaspace       used 69748K, committed 71360K, reserved 1114112K
  class space    used 7265K, committed 7936K, reserved 1048576K
}
Event: 188.996 GC heap after
{Heap after GC invocations=374 (full 3):
 PSYoungGen      total 8192K, used 288K [0x00000000d5580000, 0x00000000d5e80000, 0x0000000100000000)
  eden space 7168K, 0% used [0x00000000d5580000,0x00000000d5580000,0x00000000d5c80000)
  from space 1024K, 28% used [0x00000000d5c80000,0x00000000d5cc8000,0x00000000d5d80000)
  to   space 512K, 0% used [0x00000000d5e00000,0x00000000d5e00000,0x00000000d5e80000)
 ParOldGen       total 145920K, used 145866K [0x0000000080000000, 0x0000000088e80000, 0x00000000d5580000)
  object space 145920K, 99% used [0x0000000080000000,0x0000000088e72a60,0x0000000088e80000)
 Metaspace       used 69748K, committed 71360K, reserved 1114112K
  class space    used 7265K, committed 7936K, reserved 1048576K
}

