# JRE version: OpenJDK Runtime Environment Temurin-21.0.9+10 (21.0.9+10) (build 21.0.9+10-LTS)
# Java VM: OpenJDK 64-Bit Server VM Temurin-21.0.9+10 (21.0.9+10-LTS, mixed mode, sharing, tiered, compressed oops, compressed class ptrs, parallel gc, windows-amd64)
GC Precious Log:
 CardTable entry size: 512
 CPUs: 8 total, 8 available
 Memory: 12171M
 Large Page Support: Disabled
 NUMA Support: Disabled
 Compressed Oops: Enabled (32-bit)
 Alignments: Space 512K, Generation 512K, Heap 2M
 Heap Min Capacity: 100M
 Heap Initial Capacity: 100M
 Heap Max Capacity: 2G
 Pre-touch: Disabled
 Parallel Workers: 8
Heap:
 PSYoungGen      total 20992K, used 3240K [0x00000000d5580000, 0x00000000d6b80000, 0x0000000100000000)
  eden space 20480K, 13% used [0x00000000d5580000,0x00000000d582acb0,0x00000000d6980000)
  from space 512K, 99% used [0x00000000d6a00000,0x00000000d6a7f3e8,0x00000000d6a80000)
  to   space 1024K, 0% used [0x00000000d6a80000,0x00000000d6a80000,0x00000000d6b80000)
 ParOldGen       total 70656K, used 70340K [0x0000000080000000, 0x0000000084500000, 0x00000000d5580000)
  object space 70656K, 99% used [0x0000000080000000,0x00000000844b1160,0x0000000084500000)
 Metaspace       used 65708K, committed 67264K, reserved 1114112K
  class space    used 6984K, committed 7680K, reserved 1048576K
GC Heap History (20 events):
Event: 14.448 GC heap before
{Heap before GC invocations=48 (full 3):
 PSYoungGen      total 21504K, used 21504K [0x00000000d5580000, 0x00000000d6c00000, 0x0000000100000000)
  eden space 20480K, 100% used [0x00000000d5580000,0x00000000d6980000,0x00000000d6980000)
  from space 1024K, 100% used [0x00000000d6b00000,0x00000000d6c00000,0x00000000d6c00000)
  to   space 1536K, 0% used [0x00000000d6980000,0x00000000d6980000,0x00000000d6b00000)
 ParOldGen       total 68608K, used 61033K [0x0000000080000000, 0x0000000084300000, 0x00000000d5580000)
  object space 68608K, 88% used [0x0000000080000000,0x0000000083b9a7e0,0x0000000084300000)
 Metaspace       used 65618K, committed 67200K, reserved 1114112K
  class space    used 6984K, committed 7680K, reserved 1048576K
}
Event: 16.468 GC heap after
{Heap after GC invocations=48 (full 3):
 PSYoungGen      total 22016K, used 1408K [0x00000000d5580000, 0x00000000d6c00000, 0x0000000100000000)
  eden space 20480K, 0% used [0x00000000d5580000,0x00000000d5580000,0x00000000d6980000)
  from space 1536K, 91% used [0x00000000d6980000,0x00000000d6ae0298,0x00000000d6b00000)
  to   space 1024K, 0% used [0x00000000d6b00000,0x00000000d6b00000,0x00000000d6c00000)
 ParOldGen       total 68608K, used 62109K [0x0000000080000000, 0x0000000084300000, 0x00000000d5580000)
  object space 68608K, 90% used [0x0000000080000000,0x0000000083ca7428,0x0000000084300000)
 Metaspace       used 65618K, committed 67200K, reserved 1114112K
  class space    used 6984K, committed 7680K, reserved 1048576K
}
Event: 18.587 GC heap before
{Heap before GC invocations=49 (full 3):
 PSYoungGen      total 22016K, used 21888K [0x00000000d5580000, 0x00000000d6c00000, 0x0000000100000000)
  eden space 20480K, 100% used [0x00000000d5580000,0x00000000d6980000,0x00000000d6980000)
  from space 1536K, 91% used [0x00000000d6980000,0x00000000d6ae0298,0x00000000d6b00000)
  to   space 1024K, 0% used [0x00000000d6b00000,0x00000000d6b00000,0x00000000d6c00000)
 ParOldGen       total 68608K, used 62109K [0x0000000080000000, 0x0000000084300000, 0x00000000d5580000)
  object space 68608K, 90% used [0x0000000080000000,0x0000000083ca7428,0x0000000084300000)
 Metaspace       used 65641K, committed 67200K, reserved 1114112K
  class space    used 6984K, committed 7680K, reserved 1048576K
}
Event: 18.589 GC heap after
{Heap after GC invocations=49 (full 3):
 PSYoungGen      total 21504K, used 605K [0x00000000d5580000, 0x00000000d6c80000, 0x0000000100000000)
  eden space 20480K, 0% used [0x00000000d5580000,0x00000000d5580000,0x00000000d6980000)
  from space 1024K, 59% used [0x00000000d6b00000,0x00000000d6b97408,0x00000000d6c00000)
  to   space 1536K, 0% used [0x00000000d6980000,0x00000000d6980000,0x00000000d6b00000)
 ParOldGen       total 68608K, used 63330K [0x0000000080000000, 0x0000000084300000, 0x00000000d5580000)
  object space 68608K, 92% used [0x0000000080000000,0x0000000083dd8a00,0x0000000084300000)
 Metaspace       used 65641K, committed 67200K, reserved 1114112K
  class space    used 6984K, committed 7680K, reserved 1048576K
}
Event: 18.612 GC heap before
{Heap before GC invocations=50 (full 3):
 PSYoungGen      total 21504K, used 21085K [0x00000000d5580000, 0x00000000d6c80000, 0x0000000100000000)
  eden space 20480K, 100% used [0x00000000d5580000,0x00000000d6980000,0x00000000d6980000)
  from space 1024K, 59% used [0x00000000d6b00000,0x00000000d6b97408,0x00000000d6c00000)
  to   space 1536K, 0% used [0x00000000d6980000,0x00000000d6980000,0x00000000d6b00000)
 ParOldGen       total 68608K, used 63330K [0x0000000080000000, 0x0000000084300000, 0x00000000d5580000)
  object space 68608K, 92% used [0x0000000080000000,0x0000000083dd8a00,0x0000000084300000)
 Metaspace       used 65661K, committed 67200K, reserved 1114112K
  class space    used 6984K, committed 7680K, reserved 1048576K
}
Event: 18.613 GC heap after
{Heap after GC invocations=50 (full 3):
 PSYoungGen      total 20992K, used 437K [0x00000000d5580000, 0x00000000d6b80000, 0x0000000100000000)
  eden space 20480K, 0% used [0x00000000d5580000,0x00000000d5580000,0x00000000d6980000)
  from space 512K, 85% used [0x00000000d6980000,0x00000000d69ed780,0x00000000d6a00000)
  to   space 1024K, 0% used [0x00000000d6a80000,0x00000000d6a80000,0x00000000d6b80000)
 ParOldGen       total 68608K, used 63502K [0x0000000080000000, 0x0000000084300000, 0x00000000d5580000)
  object space 68608K, 92% used [0x0000000080000000,0x0000000083e03a48,0x0000000084300000)
 Metaspace       used 65661K, committed 67200K, reserved 1114112K
  class space    used 6984K, committed 7680K, reserved 1048576K
}
Event: 18.638 GC heap before
{Heap before GC invocations=51 (full 3):
 PSYoungGen      total 20992K, used 20917K [0x00000000d5580000, 0x00000000d6b80000, 0x0000000100000000)
  eden space 20480K, 100% used [0x00000000d5580000,0x00000000d6980000,0x00000000d6980000)
  from space 512K, 85% used [0x00000000d6980000,0x00000000d69ed780,0x00000000d6a00000)
  to   space 1024K, 0% used [0x00000000d6a80000,0x00000000d6a80000,0x00000000d6b80000)
 ParOldGen       total 68608K, used 63502K [0x0000000080000000, 0x0000000084300000, 0x00000000d5580000)
  object space 68608K, 92% used [0x0000000080000000,0x0000000083e03a48,0x0000000084300000)
 Metaspace       used 65663K, committed 67200K, reserved 1114112K
  class space    used 6984K, committed 7680K, reserved 1048576K
}
Event: 18.640 GC heap after
{Heap after GC invocations=51 (full 3):
 PSYoungGen      total 20992K, used 482K [0x00000000d5580000, 0x00000000d6b00000, 0x0000000100000000)
  eden space 20480K, 0% used [0x00000000d5580000,0x00000000d5580000,0x00000000d6980000)
  from space 512K, 94% used [0x00000000d6a80000,0x00000000d6af8bc8,0x00000000d6b00000)
  to   space 512K, 0% used [0x00000000d6980000,0x00000000d6980000,0x00000000d6a00000)
 ParOldGen       total 68608K, used 63692K [0x0000000080000000, 0x0000000084300000, 0x00000000d5580000)
  object space 68608K, 92% used [0x0000000080000000,0x0000000083e33260,0x0000000084300000)
 Metaspace       used 65663K, committed 67200K, reserved 1114112K
  class space    used 6984K, committed 7680K, reserved 1048576K
}
Event: 18.666 GC heap before
{Heap before GC invocations=52 (full 3):
 PSYoungGen      total 20992K, used 20962K [0x00000000d5580000, 0x00000000d6b00000, 0x0000000100000000)
  eden space 20480K, 100% used [0x00000000d5580000,0x00000000d6980000,0x00000000d6980000)
  from space 512K, 94% used [0x00000000d6a80000,0x00000000d6af8bc8,0x00000000d6b00000)
  to   space 512K, 0% used [0x00000000d6980000,0x00000000d6980000,0x00000000d6a00000)
 ParOldGen       total 68608K, used 63692K [0x0000000080000000, 0x0000000084300000, 0x00000000d5580000)
  object space 68608K, 92% used [0x0000000080000000,0x0000000083e33260,0x0000000084300000)
 Metaspace       used 65668K, committed 67200K, reserved 1114112K
  class space    used 6984K, committed 7680K, reserved 1048576K
}
Event: 18.668 GC heap after
{Heap after GC invocations=52 (full 3):
 PSYoungGen      total 20992K, used 505K [0x00000000d5580000, 0x00000000d6b00000, 0x0000000100000000)
  eden space 20480K, 0% used [0x00000000d5580000,0x00000000d5580000,0x00000000d6980000)
  from space 512K, 98% used [0x00000000d6980000,0x00000000d69fe4d0,0x00000000d6a00000)
  to   space 512K, 0% used [0x00000000d6a80000,0x00000000d6a80000,0x00000000d6b00000)
 ParOldGen       total 68608K, used 64313K [0x0000000080000000, 0x0000000084300000, 0x00000000d5580000)
  object space 68608K, 93% used [0x0000000080000000,0x0000000083ece4e8,0x0000000084300000)
 Metaspace       used 65668K, committed 67200K, reserved 1114112K
  class space    used 6984K, committed 7680K, reserved 1048576K
}
Event: 18.688 GC heap before
{Heap before GC invocations=53 (full 3):
 PSYoungGen      total 20992K, used 20985K [0x00000000d5580000, 0x00000000d6b00000, 0x0000000100000000)
  eden space 20480K, 100% used [0x00000000d5580000,0x00000000d6980000,0x00000000d6980000)
  from space 512K, 98% used [0x00000000d6980000,0x00000000d69fe4d0,0x00000000d6a00000)
  to   space 512K, 0% used [0x00000000d6a80000,0x00000000d6a80000,0x00000000d6b00000)
 ParOldGen       total 68608K, used 64313K [0x0000000080000000, 0x0000000084300000, 0x00000000d5580000)
  object space 68608K, 93% used [0x0000000080000000,0x0000000083ece4e8,0x0000000084300000)
 Metaspace       used 65670K, committed 67200K, reserved 1114112K
  class space    used 6984K, committed 7680K, reserved 1048576K
}
Event: 18.690 GC heap after
{Heap after GC invocations=53 (full 3):
 PSYoungGen      total 20992K, used 507K [0x00000000d5580000, 0x00000000d6b80000, 0x0000000100000000)
  eden space 20480K, 0% used [0x00000000d5580000,0x00000000d5580000,0x00000000d6980000)
  from space 512K, 99% used [0x00000000d6a80000,0x00000000d6afed80,0x00000000d6b00000)
  to   space 1024K, 0% used [0x00000000d6980000,0x00000000d6980000,0x00000000d6a80000)
 ParOldGen       total 68608K, used 64544K [0x0000000080000000, 0x0000000084300000, 0x00000000d5580000)
  object space 68608K, 94% used [0x0000000080000000,0x0000000083f08168,0x0000000084300000)
 Metaspace       used 65670K, committed 67200K, reserved 1114112K
  class space    used 6984K, committed 7680K, reserved 1048576K
}
Event: 18.708 GC heap before
{Heap before GC invocations=54 (full 3):
 PSYoungGen      total 20992K, used 20987K [0x00000000d5580000, 0x00000000d6b80000, 0x0000000100000000)
  eden space 20480K, 100% used [0x00000000d5580000,0x00000000d6980000,0x00000000d6980000)
  from space 512K, 99% used [0x00000000d6a80000,0x00000000d6afed80,0x00000000d6b00000)
  to   space 1024K, 0% used [0x00000000d6980000,0x00000000d6980000,0x00000000d6a80000)
 ParOldGen       total 68608K, used 64544K [0x0000000080000000, 0x0000000084300000, 0x00000000d5580000)
  object space 68608K, 94% used [0x0000000080000000,0x0000000083f08168,0x0000000084300000)
 Metaspace       used 65676K, committed 67200K, reserved 1114112K
  class space    used 6984K, committed 7680K, reserved 1048576K
}
Event: 18.710 GC heap after
{Heap after GC invocations=54 (full 3):
 PSYoungGen      total 21504K, used 585K [0x00000000d5580000, 0x00000000d6b80000, 0x0000000100000000)
  eden space 20480K, 0% used [0x00000000d5580000,0x00000000d5580000,0x00000000d6980000)
  from space 1024K, 57% used [0x00000000d6980000,0x00000000d6a12730,0x00000000d6a80000)
  to   space 1024K, 0% used [0x00000000d6a80000,0x00000000d6a80000,0x00000000d6b80000)
 ParOldGen       total 68608K, used 64758K [0x0000000080000000, 0x0000000084300000, 0x00000000d5580000)
  object space 68608K, 94% used [0x0000000080000000,0x0000000083f3da30,0x0000000084300000)
 Metaspace       used 65676K, committed 67200K, reserved 1114112K
  class space    used 6984K, committed 7680K, reserved 1048576K
}
Event: 18.728 GC heap before
{Heap before GC invocations=55 (full 3):
 PSYoungGen      total 21504K, used 21065K [0x00000000d5580000, 0x00000000d6b80000, 0x0000000100000000)
  eden space 20480K, 100% used [0x00000000d5580000,0x00000000d6980000,0x00000000d6980000)
  from space 1024K, 57% used [0x00000000d6980000,0x00000000d6a12730,0x00000000d6a80000)
  to   space 1024K, 0% used [0x00000000d6a80000,0x00000000d6a80000,0x00000000d6b80000)
 ParOldGen       total 68608K, used 64758K [0x0000000080000000, 0x0000000084300000, 0x00000000d5580000)
  object space 68608K, 94% used [0x0000000080000000,0x0000000083f3da30,0x0000000084300000)
 Metaspace       used 65694K, committed 67264K, reserved 1114112K
  class space    used 6984K, committed 7680K, reserved 1048576K
}
Event: 18.729 GC heap after
{Heap after GC invocations=55 (full 3):
 PSYoungGen      total 21504K, used 611K [0x00000000d5580000, 0x00000000d6b80000, 0x0000000100000000)
  eden space 20480K, 0% used [0x00000000d5580000,0x00000000d5580000,0x00000000d6980000)
  from space 1024K, 59% used [0x00000000d6a80000,0x00000000d6b18e00,0x00000000d6b80000)
  to   space 1024K, 0% used [0x00000000d6980000,0x00000000d6980000,0x00000000d6a80000)
 ParOldGen       total 68608K, used 65083K [0x0000000080000000, 0x0000000084300000, 0x00000000d5580000)
  object space 68608K, 94% used [0x0000000080000000,0x0000000083f8ee10,0x0000000084300000)
 Metaspace       used 65694K, committed 67264K, reserved 1114112K
  class space    used 6984K, committed 7680K, reserved 1048576K
}
Event: 18.745 GC heap before
{Heap before GC invocations=56 (full 3):
 PSYoungGen      total 21504K, used 21091K [0x00000000d5580000, 0x00000000d6b80000, 0x0000000100000000)
  eden space 20480K, 100% used [0x00000000d5580000,0x00000000d6980000,0x00000000d6980000)
  from space 1024K, 59% used [0x00000000d6a80000,0x00000000d6b18e00,0x00000000d6b80000)
  to   space 1024K, 0% used [0x00000000d6980000,0x00000000d6980000,0x00000000d6a80000)
 ParOldGen       total 68608K, used 65083K [0x0000000080000000, 0x0000000084300000, 0x00000000d5580000)
  object space 68608K, 94% used [0x0000000080000000,0x0000000083f8ee10,0x0000000084300000)
 Metaspace       used 65694K, committed 67264K, reserved 1114112K
  class space    used 6984K, committed 7680K, reserved 1048576K
}
Event: 18.747 GC heap after
{Heap after GC invocations=56 (full 3):
 PSYoungGen      total 21504K, used 607K [0x00000000d5580000, 0x00000000d6b80000, 0x0000000100000000)
  eden space 20480K, 0% used [0x00000000d5580000,0x00000000d5580000,0x00000000d6980000)
  from space 1024K, 59% used [0x00000000d6980000,0x00000000d6a17df8,0x00000000d6a80000)
  to   space 1024K, 0% used [0x00000000d6a80000,0x00000000d6a80000,0x00000000d6b80000)
 ParOldGen       total 68608K, used 65387K [0x0000000080000000, 0x0000000084300000, 0x00000000d5580000)
  object space 68608K, 95% used [0x0000000080000000,0x0000000083fdaf80,0x0000000084300000)
 Metaspace       used 65694K, committed 67264K, reserved 1114112K
  class space    used 6984K, committed 7680K, reserved 1048576K
}
Event: 18.763 GC heap before
{Heap before GC invocations=57 (full 3):
 PSYoungGen      total 21504K, used 21087K [0x00000000d5580000, 0x00000000d6b80000, 0x0000000100000000)
  eden space 20480K, 100% used [0x00000000d5580000,0x00000000d6980000,0x00000000d6980000)
  from space 1024K, 59% used [0x00000000d6980000,0x00000000d6a17df8,0x00000000d6a80000)
  to   space 1024K, 0% used [0x00000000d6a80000,0x00000000d6a80000,0x00000000d6b80000)
 ParOldGen       total 68608K, used 65387K [0x0000000080000000, 0x0000000084300000, 0x00000000d5580000)
  object space 68608K, 95% used [0x0000000080000000,0x0000000083fdaf80,0x0000000084300000)
 Metaspace       used 65696K, committed 67264K, reserved 1114112K
  class space    used 6984K, committed 7680K, reserved 1048576K
}
Event: 18.765 GC heap after
{Heap after GC invocations=57 (full 3):
 PSYoungGen      total 20992K, used 345K [0x00000000d5580000, 0x00000000d6b00000, 0x0000000100000000)
  eden space 20480K, 0% used [0x00000000d5580000,0x00000000d5580000,0x00000000d6980000)
  from space 512K, 67% used [0x00000000d6a80000,0x00000000d6ad6530,0x00000000d6b00000)
  to   space 512K, 0% used [0x00000000d6a00000,0x00000000d6a00000,0x00000000d6a80000)
 ParOldGen       total 68608K, used 65621K [0x0000000080000000, 0x0000000084300000, 0x00000000d5580000)
  object space 68608K, 95% used [0x0000000080000000,0x00000000840156a0,0x0000000084300000)
 Metaspace       used 65696K, committed 67264K, reserved 1114112K
  class space    used 6984K, committed 7680K, reserved 1048576K
}

