# JRE version: Java(TM) SE Runtime Environment (25.0.1+8) (build 25.0.1+8-LTS-27)
# Java VM: Java HotSpot(TM) 64-Bit Server VM (25.0.1+8-LTS-27, mixed mode, emulated-client, sharing, tiered, compressed oops, compressed class ptrs, g1 gc, windows-amd64)
GC Precious Log:
 CardTable entry size: 512
 Card Set container configuration: InlinePtr #cards 4 size 8 Array Of Cards #cards 16 size 48 Howl #buckets 8 coarsen threshold 3686 Howl Bitmap #cards 512 size 80 coarsen threshold 460 Card regions per heap region 1 cards per card region 4096
 CPUs: 8 total, 8 available
 Memory: 12171M
 Large Page Support: Disabled
 NUMA Support: Disabled
 Compressed Oops: Enabled (Zero based)
 Heap Region Size: 2M
 Heap Min Capacity: 8M
 Heap Initial Capacity: 192M
 Heap Max Capacity: 3044M
 Pre-touch: Disabled
 Parallel Workers: 8
 Concurrent Workers: 2
 Concurrent Refinement Workers: 8
 Periodic GC: Disabled
Heap:
 garbage-first heap   total reserved 3117056K, committed 65536K, used 56094K [0x0000000741c00000, 0x0000000800000000)
  region size 2048K, 17 young (34816K), 2 survivors (4096K)
GC Heap Usage History (20 events):
Event: 46556.152 {heap After GC invocations=946 (full 12):
 garbage-first heap   total reserved 3117056K, committed 65536K, used 20668K [0x0000000741c00000, 0x0000000800000000)
  region size 2048K, 1 young (2048K), 1 survivors (2048K)
}
Event: 46602.481 {heap Before GC invocations=946 (full 12):
 garbage-first heap   total reserved 3117056K, committed 65536K, used 55484K [0x0000000741c00000, 0x0000000800000000)
  region size 2048K, 18 young (36864K), 1 survivors (2048K)
}
Event: 46602.482 {heap After GC invocations=947 (full 12):
 garbage-first heap   total reserved 3117056K, committed 65536K, used 20643K [0x0000000741c00000, 0x0000000800000000)
  region size 2048K, 1 young (2048K), 1 survivors (2048K)
}
Event: 46648.848 {heap Before GC invocations=947 (full 12):
 garbage-first heap   total reserved 3117056K, committed 65536K, used 55459K [0x0000000741c00000, 0x0000000800000000)
  region size 2048K, 18 young (36864K), 1 survivors (2048K)
}
Event: 46648.849 {heap After GC invocations=948 (full 12):
 garbage-first heap   total reserved 3117056K, committed 65536K, used 20678K [0x0000000741c00000, 0x0000000800000000)
  region size 2048K, 1 young (2048K), 1 survivors (2048K)
}
Event: 46694.851 {heap Before GC invocations=948 (full 12):
 garbage-first heap   total reserved 3117056K, committed 65536K, used 55494K [0x0000000741c00000, 0x0000000800000000)
  region size 2048K, 18 young (36864K), 1 survivors (2048K)
}
Event: 46694.852 {heap After GC invocations=949 (full 12):
 garbage-first heap   total reserved 3117056K, committed 65536K, used 20730K [0x0000000741c00000, 0x0000000800000000)
  region size 2048K, 1 young (2048K), 1 survivors (2048K)
}
Event: 46741.280 {heap Before GC invocations=949 (full 12):
 garbage-first heap   total reserved 3117056K, committed 65536K, used 55546K [0x0000000741c00000, 0x0000000800000000)
  region size 2048K, 18 young (36864K), 1 survivors (2048K)
}
Event: 46741.281 {heap After GC invocations=950 (full 12):
 garbage-first heap   total reserved 3117056K, committed 65536K, used 20642K [0x0000000741c00000, 0x0000000800000000)
  region size 2048K, 1 young (2048K), 1 survivors (2048K)
}
Event: 46787.588 {heap Before GC invocations=950 (full 12):
 garbage-first heap   total reserved 3117056K, committed 65536K, used 55458K [0x0000000741c00000, 0x0000000800000000)
  region size 2048K, 18 young (36864K), 1 survivors (2048K)
}
Event: 46787.589 {heap After GC invocations=951 (full 12):
 garbage-first heap   total reserved 3117056K, committed 65536K, used 20660K [0x0000000741c00000, 0x0000000800000000)
  region size 2048K, 1 young (2048K), 1 survivors (2048K)
}
Event: 46833.559 {heap Before GC invocations=951 (full 12):
 garbage-first heap   total reserved 3117056K, committed 65536K, used 55476K [0x0000000741c00000, 0x0000000800000000)
  region size 2048K, 18 young (36864K), 1 survivors (2048K)
}
Event: 46833.560 {heap After GC invocations=952 (full 12):
 garbage-first heap   total reserved 3117056K, committed 65536K, used 20714K [0x0000000741c00000, 0x0000000800000000)
  region size 2048K, 1 young (2048K), 1 survivors (2048K)
}
Event: 46879.738 {heap Before GC invocations=952 (full 12):
 garbage-first heap   total reserved 3117056K, committed 65536K, used 55530K [0x0000000741c00000, 0x0000000800000000)
  region size 2048K, 18 young (36864K), 1 survivors (2048K)
}
Event: 46879.739 {heap After GC invocations=953 (full 12):
 garbage-first heap   total reserved 3117056K, committed 65536K, used 20708K [0x0000000741c00000, 0x0000000800000000)
  region size 2048K, 1 young (2048K), 1 survivors (2048K)
}
Event: 46926.010 {heap Before GC invocations=953 (full 12):
 garbage-first heap   total reserved 3117056K, committed 65536K, used 55524K [0x0000000741c00000, 0x0000000800000000)
  region size 2048K, 18 young (36864K), 1 survivors (2048K)
}
Event: 46926.011 {heap After GC invocations=954 (full 12):
 garbage-first heap   total reserved 3117056K, committed 65536K, used 20659K [0x0000000741c00000, 0x0000000800000000)
  region size 2048K, 1 young (2048K), 1 survivors (2048K)
}
Event: 46936.520 {heap Before GC invocations=954 (full 12):
 garbage-first heap   total reserved 3117056K, committed 65536K, used 53427K [0x0000000741c00000, 0x0000000800000000)
  region size 2048K, 18 young (36864K), 1 survivors (2048K)
}
Event: 46936.529 {heap After GC invocations=955 (full 12):
 garbage-first heap   total reserved 3117056K, committed 65536K, used 25374K [0x0000000741c00000, 0x0000000800000000)
  region size 2048K, 3 young (6144K), 3 survivors (6144K)
}
Event: 46944.731 {heap Before GC invocations=955 (full 12):
 garbage-first heap   total reserved 3117056K, committed 65536K, used 54046K [0x0000000741c00000, 0x0000000800000000)
  region size 2048K, 18 young (36864K), 3 survivors (6144K)
}

