# JRE version: OpenJDK Runtime Environment Temurin-21.0.9+10 (21.0.9+10) (build 21.0.9+10-LTS)
# Java VM: OpenJDK 64-Bit Server VM Temurin-21.0.9+10 (21.0.9+10-LTS, mixed mode, sharing, tiered, compressed oops, compressed class ptrs, parallel gc, windows-amd64)
GC Precious Log:
 CardTable entry size: 512
 CPUs: 8 total, 8 available
 Memory: 12171M
 Large Page Support: Disabled
 NUMA Support: Disabled
 Compressed Oops: Enabled (32-bit)
 Alignments: Space 512K, Generation 512K, Heap 2M
 Heap Min Capacity: 100M
 Heap Initial Capacity: 100M
 Heap Max Capacity: 2G
 Pre-touch: Disabled
 Parallel Workers: 8
Heap:
 PSYoungGen      total 5632K, used 3131K [0x00000000d5580000, 0x00000000d5e00000, 0x0000000100000000)
  eden space 5120K, 51% used [0x00000000d5580000,0x00000000d580eee0,0x00000000d5a80000)
  from space 512K, 100% used [0x00000000d5c00000,0x00000000d5c80000,0x00000000d5c80000)
  to   space 1536K, 0% used [0x00000000d5a80000,0x00000000d5a80000,0x00000000d5c00000)
 ParOldGen       total 812032K, used 811810K [0x0000000080000000, 0x00000000b1900000, 0x00000000d5580000)
  object space 812032K, 99% used [0x0000000080000000,0x00000000b18c8808,0x00000000b1900000)
 Metaspace       used 112603K, committed 114624K, reserved 1179648K
  class space    used 11133K, committed 12096K, reserved 1048576K
GC Heap History (20 events):
Event: 14321.481 GC heap before
{Heap before GC invocations=6851 (full 11):
 PSYoungGen      total 6144K, used 6143K [0x00000000d5580000, 0x00000000d5d00000, 0x0000000100000000)
  eden space 5632K, 99% used [0x00000000d5580000,0x00000000d5affc98,0x00000000d5b00000)
  from space 512K, 100% used [0x00000000d5c00000,0x00000000d5c80000,0x00000000d5c80000)
  to   space 1024K, 0% used [0x00000000d5b00000,0x00000000d5b00000,0x00000000d5c00000)
 ParOldGen       total 777728K, used 777416K [0x0000000080000000, 0x00000000af780000, 0x00000000d5580000)
  object space 777728K, 99% used [0x0000000080000000,0x00000000af7322e0,0x00000000af780000)
 Metaspace       used 112211K, committed 114240K, reserved 1179648K
  class space    used 11094K, committed 12096K, reserved 1048576K
}
Event: 14321.483 GC heap after
{Heap after GC invocations=6851 (full 11):
 PSYoungGen      total 6656K, used 329K [0x00000000d5580000, 0x00000000d5c80000, 0x0000000100000000)
  eden space 5632K, 0% used [0x00000000d5580000,0x00000000d5580000,0x00000000d5b00000)
  from space 1024K, 32% used [0x00000000d5b00000,0x00000000d5b524f8,0x00000000d5c00000)
  to   space 512K, 0% used [0x00000000d5c00000,0x00000000d5c00000,0x00000000d5c80000)
 ParOldGen       total 778240K, used 777832K [0x0000000080000000, 0x00000000af800000, 0x00000000d5580000)
  object space 778240K, 99% used [0x0000000080000000,0x00000000af79a2e0,0x00000000af800000)
 Metaspace       used 112211K, committed 114240K, reserved 1179648K
  class space    used 11094K, committed 12096K, reserved 1048576K
}
Event: 14321.650 GC heap before
{Heap before GC invocations=6852 (full 11):
 PSYoungGen      total 6656K, used 5961K [0x00000000d5580000, 0x00000000d5c80000, 0x0000000100000000)
  eden space 5632K, 100% used [0x00000000d5580000,0x00000000d5b00000,0x00000000d5b00000)
  from space 1024K, 32% used [0x00000000d5b00000,0x00000000d5b524f8,0x00000000d5c00000)
  to   space 512K, 0% used [0x00000000d5c00000,0x00000000d5c00000,0x00000000d5c80000)
 ParOldGen       total 778240K, used 777832K [0x0000000080000000, 0x00000000af800000, 0x00000000d5580000)
  object space 778240K, 99% used [0x0000000080000000,0x00000000af79a2e0,0x00000000af800000)
 Metaspace       used 112212K, committed 114240K, reserved 1179648K
  class space    used 11094K, committed 12096K, reserved 1048576K
}
Event: 14321.654 GC heap after
{Heap after GC invocations=6852 (full 11):
 PSYoungGen      total 6144K, used 512K [0x00000000d5580000, 0x00000000d5d00000, 0x0000000100000000)
  eden space 5632K, 0% used [0x00000000d5580000,0x00000000d5580000,0x00000000d5b00000)
  from space 512K, 100% used [0x00000000d5c00000,0x00000000d5c80000,0x00000000d5c80000)
  to   space 1024K, 0% used [0x00000000d5b00000,0x00000000d5b00000,0x00000000d5c00000)
 ParOldGen       total 778240K, used 777872K [0x0000000080000000, 0x00000000af800000, 0x00000000d5580000)
  object space 778240K, 99% used [0x0000000080000000,0x00000000af7a42e0,0x00000000af800000)
 Metaspace       used 112212K, committed 114240K, reserved 1179648K
  class space    used 11094K, committed 12096K, reserved 1048576K
}
Event: 14321.670 GC heap before
{Heap before GC invocations=6853 (full 11):
 PSYoungGen      total 6144K, used 6144K [0x00000000d5580000, 0x00000000d5d00000, 0x0000000100000000)
  eden space 5632K, 100% used [0x00000000d5580000,0x00000000d5b00000,0x00000000d5b00000)
  from space 512K, 100% used [0x00000000d5c00000,0x00000000d5c80000,0x00000000d5c80000)
  to   space 1024K, 0% used [0x00000000d5b00000,0x00000000d5b00000,0x00000000d5c00000)
 ParOldGen       total 778240K, used 777872K [0x0000000080000000, 0x00000000af800000, 0x00000000d5580000)
  object space 778240K, 99% used [0x0000000080000000,0x00000000af7a42e0,0x00000000af800000)
 Metaspace       used 112212K, committed 114240K, reserved 1179648K
  class space    used 11094K, committed 12096K, reserved 1048576K
}
Event: 14321.674 GC heap after
{Heap after GC invocations=6853 (full 11):
 PSYoungGen      total 6656K, used 992K [0x00000000d5580000, 0x00000000d5e00000, 0x0000000100000000)
  eden space 5632K, 0% used [0x00000000d5580000,0x00000000d5580000,0x00000000d5b00000)
  from space 1024K, 96% used [0x00000000d5b00000,0x00000000d5bf8000,0x00000000d5c00000)
  to   space 1536K, 0% used [0x00000000d5c80000,0x00000000d5c80000,0x00000000d5e00000)
 ParOldGen       total 778752K, used 778244K [0x0000000080000000, 0x00000000af880000, 0x00000000d5580000)
  object space 778752K, 99% used [0x0000000080000000,0x00000000af8012f0,0x00000000af880000)
 Metaspace       used 112212K, committed 114240K, reserved 1179648K
  class space    used 11094K, committed 12096K, reserved 1048576K
}
Event: 14321.905 GC heap before
{Heap before GC invocations=6854 (full 11):
 PSYoungGen      total 6656K, used 6624K [0x00000000d5580000, 0x00000000d5e00000, 0x0000000100000000)
  eden space 5632K, 100% used [0x00000000d5580000,0x00000000d5b00000,0x00000000d5b00000)
  from space 1024K, 96% used [0x00000000d5b00000,0x00000000d5bf8000,0x00000000d5c00000)
  to   space 1536K, 0% used [0x00000000d5c80000,0x00000000d5c80000,0x00000000d5e00000)
 ParOldGen       total 778752K, used 778244K [0x0000000080000000, 0x00000000af880000, 0x00000000d5580000)
  object space 778752K, 99% used [0x0000000080000000,0x00000000af8012f0,0x00000000af880000)
 Metaspace       used 112531K, committed 114496K, reserved 1179648K
  class space    used 11124K, committed 12096K, reserved 1048576K
}
Event: 14321.913 GC heap after
{Heap after GC invocations=6854 (full 11):
 PSYoungGen      total 6656K, used 517K [0x00000000d5580000, 0x00000000d5d80000, 0x0000000100000000)
  eden space 5632K, 0% used [0x00000000d5580000,0x00000000d5580000,0x00000000d5b00000)
  from space 1024K, 50% used [0x00000000d5c80000,0x00000000d5d01420,0x00000000d5d80000)
  to   space 1024K, 0% used [0x00000000d5b00000,0x00000000d5b00000,0x00000000d5c00000)
 ParOldGen       total 778752K, used 778580K [0x0000000080000000, 0x00000000af880000, 0x00000000d5580000)
  object space 778752K, 99% used [0x0000000080000000,0x00000000af8552f0,0x00000000af880000)
 Metaspace       used 112531K, committed 114496K, reserved 1179648K
  class space    used 11124K, committed 12096K, reserved 1048576K
}
Event: 14324.951 GC heap before
{Heap before GC invocations=6855 (full 11):
 PSYoungGen      total 6656K, used 6149K [0x00000000d5580000, 0x00000000d5d80000, 0x0000000100000000)
  eden space 5632K, 99% used [0x00000000d5580000,0x00000000d5affff8,0x00000000d5b00000)
  from space 1024K, 50% used [0x00000000d5c80000,0x00000000d5d01420,0x00000000d5d80000)
  to   space 1024K, 0% used [0x00000000d5b00000,0x00000000d5b00000,0x00000000d5c00000)
 ParOldGen       total 810496K, used 809300K [0x0000000080000000, 0x00000000b1780000, 0x00000000d5580000)
  object space 810496K, 99% used [0x0000000080000000,0x00000000b1655320,0x00000000b1780000)
 Metaspace       used 112584K, committed 114624K, reserved 1179648K
  class space    used 11133K, committed 12096K, reserved 1048576K
}
Event: 14324.954 GC heap after
{Heap after GC invocations=6855 (full 11):
 PSYoungGen      total 6656K, used 400K [0x00000000d5580000, 0x00000000d5d00000, 0x0000000100000000)
  eden space 5632K, 0% used [0x00000000d5580000,0x00000000d5580000,0x00000000d5b00000)
  from space 1024K, 39% used [0x00000000d5b00000,0x00000000d5b64010,0x00000000d5c00000)
  to   space 512K, 0% used [0x00000000d5c80000,0x00000000d5c80000,0x00000000d5d00000)
 ParOldGen       total 810496K, used 809585K [0x0000000080000000, 0x00000000b1780000, 0x00000000d5580000)
  object space 810496K, 99% used [0x0000000080000000,0x00000000b169c740,0x00000000b1780000)
 Metaspace       used 112584K, committed 114624K, reserved 1179648K
  class space    used 11133K, committed 12096K, reserved 1048576K
}
Event: 14324.969 GC heap before
{Heap before GC invocations=6856 (full 11):
 PSYoungGen      total 6656K, used 6032K [0x00000000d5580000, 0x00000000d5d00000, 0x0000000100000000)
  eden space 5632K, 100% used [0x00000000d5580000,0x00000000d5b00000,0x00000000d5b00000)
  from space 1024K, 39% used [0x00000000d5b00000,0x00000000d5b64010,0x00000000d5c00000)
  to   space 512K, 0% used [0x00000000d5c80000,0x00000000d5c80000,0x00000000d5d00000)
 ParOldGen       total 810496K, used 809585K [0x0000000080000000, 0x00000000b1780000, 0x00000000d5580000)
  object space 810496K, 99% used [0x0000000080000000,0x00000000b169c740,0x00000000b1780000)
 Metaspace       used 112584K, committed 114624K, reserved 1179648K
  class space    used 11133K, committed 12096K, reserved 1048576K
}
Event: 14324.973 GC heap after
{Heap after GC invocations=6856 (full 11):
 PSYoungGen      total 6144K, used 500K [0x00000000d5580000, 0x00000000d5e00000, 0x0000000100000000)
  eden space 5632K, 0% used [0x00000000d5580000,0x00000000d5580000,0x00000000d5b00000)
  from space 512K, 97% used [0x00000000d5c80000,0x00000000d5cfd200,0x00000000d5d00000)
  to   space 1536K, 0% used [0x00000000d5b00000,0x00000000d5b00000,0x00000000d5c80000)
 ParOldGen       total 810496K, used 810151K [0x0000000080000000, 0x00000000b1780000, 0x00000000d5580000)
  object space 810496K, 99% used [0x0000000080000000,0x00000000b1729cb8,0x00000000b1780000)
 Metaspace       used 112584K, committed 114624K, reserved 1179648K
  class space    used 11133K, committed 12096K, reserved 1048576K
}
Event: 14325.032 GC heap before
{Heap before GC invocations=6857 (full 11):
 PSYoungGen      total 6144K, used 5438K [0x00000000d5580000, 0x00000000d5e00000, 0x0000000100000000)
  eden space 5632K, 87% used [0x00000000d5580000,0x00000000d5a529c0,0x00000000d5b00000)
  from space 512K, 97% used [0x00000000d5c80000,0x00000000d5cfd200,0x00000000d5d00000)
  to   space 1536K, 0% used [0x00000000d5b00000,0x00000000d5b00000,0x00000000d5c80000)
 ParOldGen       total 810496K, used 810151K [0x0000000080000000, 0x00000000b1780000, 0x00000000d5580000)
  object space 810496K, 99% used [0x0000000080000000,0x00000000b1729cb8,0x00000000b1780000)
 Metaspace       used 112598K, committed 114624K, reserved 1179648K
  class space    used 11133K, committed 12096K, reserved 1048576K
}
Event: 14325.038 GC heap after
{Heap after GC invocations=6857 (full 11):
 PSYoungGen      total 6656K, used 639K [0x00000000d5580000, 0x00000000d5d00000, 0x0000000100000000)
  eden space 5632K, 0% used [0x00000000d5580000,0x00000000d5580000,0x00000000d5b00000)
  from space 1024K, 62% used [0x00000000d5b00000,0x00000000d5b9fe90,0x00000000d5c00000)
  to   space 1024K, 0% used [0x00000000d5c00000,0x00000000d5c00000,0x00000000d5d00000)
 ParOldGen       total 811008K, used 810672K [0x0000000080000000, 0x00000000b1800000, 0x00000000d5580000)
  object space 811008K, 99% used [0x0000000080000000,0x00000000b17ac0b8,0x00000000b1800000)
 Metaspace       used 112598K, committed 114624K, reserved 1179648K
  class space    used 11133K, committed 12096K, reserved 1048576K
}
Event: 14325.412 GC heap before
{Heap before GC invocations=6858 (full 11):
 PSYoungGen      total 6656K, used 6271K [0x00000000d5580000, 0x00000000d5d00000, 0x0000000100000000)
  eden space 5632K, 99% used [0x00000000d5580000,0x00000000d5affff0,0x00000000d5b00000)
  from space 1024K, 62% used [0x00000000d5b00000,0x00000000d5b9fe90,0x00000000d5c00000)
  to   space 1024K, 0% used [0x00000000d5c00000,0x00000000d5c00000,0x00000000d5d00000)
 ParOldGen       total 811008K, used 810672K [0x0000000080000000, 0x00000000b1800000, 0x00000000d5580000)
  object space 811008K, 99% used [0x0000000080000000,0x00000000b17ac0b8,0x00000000b1800000)
 Metaspace       used 112598K, committed 114624K, reserved 1179648K
  class space    used 11133K, committed 12096K, reserved 1048576K
}
Event: 14325.418 GC heap after
{Heap after GC invocations=6858 (full 11):
 PSYoungGen      total 6656K, used 654K [0x00000000d5580000, 0x00000000d5d00000, 0x0000000100000000)
  eden space 5632K, 0% used [0x00000000d5580000,0x00000000d5580000,0x00000000d5b00000)
  from space 1024K, 63% used [0x00000000d5c00000,0x00000000d5ca3b00,0x00000000d5d00000)
  to   space 1024K, 0% used [0x00000000d5b00000,0x00000000d5b00000,0x00000000d5c00000)
 ParOldGen       total 811520K, used 811217K [0x0000000080000000, 0x00000000b1880000, 0x00000000d5580000)
  object space 811520K, 99% used [0x0000000080000000,0x00000000b1834478,0x00000000b1880000)
 Metaspace       used 112598K, committed 114624K, reserved 1179648K
  class space    used 11133K, committed 12096K, reserved 1048576K
}
Event: 14325.444 GC heap before
{Heap before GC invocations=6859 (full 11):
 PSYoungGen      total 6656K, used 6286K [0x00000000d5580000, 0x00000000d5d00000, 0x0000000100000000)
  eden space 5632K, 99% used [0x00000000d5580000,0x00000000d5afffe0,0x00000000d5b00000)
  from space 1024K, 63% used [0x00000000d5c00000,0x00000000d5ca3b00,0x00000000d5d00000)
  to   space 1024K, 0% used [0x00000000d5b00000,0x00000000d5b00000,0x00000000d5c00000)
 ParOldGen       total 811520K, used 811217K [0x0000000080000000, 0x00000000b1880000, 0x00000000d5580000)
  object space 811520K, 99% used [0x0000000080000000,0x00000000b1834478,0x00000000b1880000)
 Metaspace       used 112599K, committed 114624K, reserved 1179648K
  class space    used 11133K, committed 12096K, reserved 1048576K
}
Event: 14325.446 GC heap after
{Heap after GC invocations=6859 (full 11):
 PSYoungGen      total 6656K, used 282K [0x00000000d5580000, 0x00000000d5c80000, 0x0000000100000000)
  eden space 5632K, 0% used [0x00000000d5580000,0x00000000d5580000,0x00000000d5b00000)
  from space 1024K, 27% used [0x00000000d5b00000,0x00000000d5b46900,0x00000000d5c00000)
  to   space 512K, 0% used [0x00000000d5c00000,0x00000000d5c00000,0x00000000d5c80000)
 ParOldGen       total 811520K, used 811397K [0x0000000080000000, 0x00000000b1880000, 0x00000000d5580000)
  object space 811520K, 99% used [0x0000000080000000,0x00000000b18615e8,0x00000000b1880000)
 Metaspace       used 112599K, committed 114624K, reserved 1179648K
  class space    used 11133K, committed 12096K, reserved 1048576K
}
Event: 14325.459 GC heap before
{Heap before GC invocations=6860 (full 11):
 PSYoungGen      total 6656K, used 5914K [0x00000000d5580000, 0x00000000d5c80000, 0x0000000100000000)
  eden space 5632K, 100% used [0x00000000d5580000,0x00000000d5b00000,0x00000000d5b00000)
  from space 1024K, 27% used [0x00000000d5b00000,0x00000000d5b46900,0x00000000d5c00000)
  to   space 512K, 0% used [0x00000000d5c00000,0x00000000d5c00000,0x00000000d5c80000)
 ParOldGen       total 811520K, used 811397K [0x0000000080000000, 0x00000000b1880000, 0x00000000d5580000)
  object space 811520K, 99% used [0x0000000080000000,0x00000000b18615e8,0x00000000b1880000)
 Metaspace       used 112599K, committed 114624K, reserved 1179648K
  class space    used 11133K, committed 12096K, reserved 1048576K
}
Event: 14325.461 GC heap after
{Heap after GC invocations=6860 (full 11):
 PSYoungGen      total 5632K, used 512K [0x00000000d5580000, 0x00000000d5e00000, 0x0000000100000000)
  eden space 5120K, 0% used [0x00000000d5580000,0x00000000d5580000,0x00000000d5a80000)
  from space 512K, 100% used [0x00000000d5c00000,0x00000000d5c80000,0x00000000d5c80000)
  to   space 1536K, 0% used [0x00000000d5a80000,0x00000000d5a80000,0x00000000d5c00000)
 ParOldGen       total 812032K, used 811810K [0x0000000080000000, 0x00000000b1900000, 0x00000000d5580000)
  object space 812032K, 99% used [0x0000000080000000,0x00000000b18c8808,0x00000000b1900000)
 Metaspace       used 112599K, committed 114624K, reserved 1179648K
  class space    used 11133K, committed 12096K, reserved 1048576K
}

